2025-01-23 08:40:15 PING spark-master (172.18.0.3) 56(84) bytes of data.
2025-01-23 08:40:15 64 bytes from spark-master.spark-network (172.18.0.3): icmp_seq=1 ttl=64 time=0.686 ms
2025-01-23 08:40:16 64 bytes from spark-master.spark-network (172.18.0.3): icmp_seq=2 ttl=64 time=0.078 ms
2025-01-23 08:40:17 64 bytes from spark-master.spark-network (172.18.0.3): icmp_seq=3 ttl=64 time=0.067 ms
2025-01-23 08:40:17 
2025-01-23 08:40:17 --- spark-master ping statistics ---
2025-01-23 08:40:17 3 packets transmitted, 3 received, 0% packet loss, time 2004ms
2025-01-23 08:40:17 rtt min/avg/max/mdev = 0.067/0.277/0.686/0.289 ms
2025-01-23 08:40:18 To honour the JVM settings for this build a single-use Daemon process will be forked. For more on this, please refer to https://docs.gradle.org/8.12/userguide/gradle_daemon.html#sec:disabling_the_daemon in the Gradle documentation.
2025-01-23 08:40:20 Daemon will be stopped at the end of the build 
2025-01-23 08:40:29 > Task :compileJava
2025-01-23 08:40:29 
2025-01-23 08:40:29 [Incubating] Problems report is available at: file:///app/build/reports/problems/problems-report.html
2025-01-23 08:40:29 
2025-01-23 08:40:29 Deprecated Gradle features were used in this build, making it incompatible with Gradle 9.0.
2025-01-23 08:40:29 
2025-01-23 08:40:29 You can use '--warning-mode all' to show the individual deprecation warnings and determine if they come from your own scripts or plugins.
2025-01-23 08:40:29 
2025-01-23 08:40:29 For more on this, please refer to https://docs.gradle.org/8.12/userguide/command_line_interface.html#sec:command_line_warnings in the Gradle documentation.
2025-01-23 08:40:29 
2025-01-23 08:40:29 BUILD SUCCESSFUL in 11s
2025-01-23 08:40:29 1 actionable task: 1 executed
